---------------------------------------------------------------
[ 2018-03-30T09:36:16+08:00 ] 127.0.0.1 GET /work/app/index.php
[ error ] [1]Call to undefined method app\index\controller\Index::fetch()
---------------------------------------------------------------
[ 2018-03-30T09:36:18+08:00 ] 127.0.0.1 GET /work/app/index.php
[ error ] [1]Call to undefined method app\index\controller\Index::fetch()
---------------------------------------------------------------
[ 2018-03-30T09:36:30+08:00 ] 127.0.0.1 GET /work/app/index.php
[ error ] [1]Call to undefined method app\index\controller\Index::fetch()
---------------------------------------------------------------
[ 2018-03-30T09:41:33+08:00 ] 127.0.0.1 GET /work/app/index.php
[ error ] [1]Call to undefined method app\index\controller\Index::fetch()
---------------------------------------------------------------
[ 2018-03-30T09:43:51+08:00 ] 127.0.0.1 GET /work/app/index.php
[ error ] [1]Call to undefined method app\index\controller\Index::fetch()
---------------------------------------------------------------
[ 2018-03-30T09:43:52+08:00 ] 127.0.0.1 GET /work/app/index.php
[ error ] [1]Call to undefined method app\index\controller\Index::fetch()
---------------------------------------------------------------
[ 2018-03-30T09:43:52+08:00 ] 127.0.0.1 GET /work/app/index.php
[ error ] [1]Call to undefined method app\index\controller\Index::fetch()
---------------------------------------------------------------
[ 2018-03-30T09:43:52+08:00 ] 127.0.0.1 GET /work/app/index.php
[ error ] [1]Call to undefined method app\index\controller\Index::fetch()
---------------------------------------------------------------
[ 2018-03-30T10:20:34+08:00 ] 127.0.0.1 GET /work/app/index.php
[ error ] [1]Call to undefined method app\index\controller\Index::fetch()
---------------------------------------------------------------
[ 2018-03-30T10:20:35+08:00 ] 127.0.0.1 GET /work/app/index.php
[ error ] [1]Call to undefined method app\index\controller\Index::fetch()
---------------------------------------------------------------
[ 2018-03-30T10:20:35+08:00 ] 127.0.0.1 GET /work/app/index.php
[ error ] [1]Call to undefined method app\index\controller\Index::fetch()
---------------------------------------------------------------
[ 2018-03-30T10:20:36+08:00 ] 127.0.0.1 GET /work/app/index.php
[ error ] [1]Call to undefined method app\index\controller\Index::fetch()
---------------------------------------------------------------
[ 2018-03-30T10:21:08+08:00 ] 127.0.0.1 GET /work/app/index.php
[ error ] [1]Call to undefined method app\index\controller\Index::fetch()
---------------------------------------------------------------
[ 2018-03-30T10:22:39+08:00 ] 127.0.0.1 GET /work/app/index.php
[ error ] [1]Call to undefined method app\index\controller\Index::fetch()
---------------------------------------------------------------
[ 2018-03-30T10:22:40+08:00 ] 127.0.0.1 GET /work/app/index.php
[ error ] [1]Call to undefined method app\index\controller\Index::fetch()
---------------------------------------------------------------
[ 2018-03-30T10:22:41+08:00 ] 127.0.0.1 GET /work/app/index.php
[ error ] [1]Call to undefined method app\index\controller\Index::fetch()
---------------------------------------------------------------
[ 2018-03-30T10:23:16+08:00 ] 127.0.0.1 GET /work/app/index.php
[ error ] [1]Call to undefined method app\index\controller\Index::fetch()
---------------------------------------------------------------
[ 2018-03-30T10:23:16+08:00 ] 127.0.0.1 GET /work/app/index.php
[ error ] [1]Call to undefined method app\index\controller\Index::fetch()
---------------------------------------------------------------
[ 2018-03-30T10:23:45+08:00 ] 127.0.0.1 GET /work/app/index.php
[ info ] 127.0.0.1/work/app/index.php [运行时间：0.030000s][吞吐率：33.33req/s] [内存消耗：1,148.41kb] [文件加载：32]
[ info ] [ LANG ] D:\phpStudy\WWW\Library\ThinkPHP\thinkphp\lang\zh-cn.php
[ info ] [ ROUTE ] array (
  'type' => 'module',
  'module' => 
  array (
    0 => '',
    1 => NULL,
    2 => NULL,
  ),
)
[ info ] [ HEADER ] array (
  'host' => '127.0.0.1',
  'connection' => 'keep-alive',
  'cache-control' => 'max-age=0',
  'upgrade-insecure-requests' => '1',
  'user-agent' => 'Mozilla/5.0 (Windows NT 6.1; WOW64) AppleWebKit/537.36 (KHTML, like Gecko) Chrome/65.0.3325.162 Safari/537.36',
  'accept' => 'text/html,application/xhtml+xml,application/xml;q=0.9,image/webp,image/apng,*/*;q=0.8',
  'accept-encoding' => 'gzip, deflate, br',
  'accept-language' => 'zh-CN,zh;q=0.9',
)
[ info ] [ PARAM ] array (
)
[ info ] [ RUN ] app\index\controller\Index->index[ D:\phpStudy\WWW\Work\app\application\index\controller\Index.php ]
[ info ] [ LOG ] INIT File
[ error ] [1]Call to undefined method app\index\controller\Index::fetch()[D:\phpStudy\WWW\Work\app\application\index\controller\Index.php:10]
---------------------------------------------------------------
[ 2018-03-30T10:24:10+08:00 ] 127.0.0.1 GET /work/app/index.php
[ info ] 127.0.0.1/work/app/index.php [运行时间：0.033000s][吞吐率：30.30req/s] [内存消耗：1,148.55kb] [文件加载：32]
[ info ] [ LANG ] D:\phpStudy\WWW\Library\ThinkPHP\thinkphp\lang\zh-cn.php
[ info ] [ ROUTE ] array (
  'type' => 'module',
  'module' => 
  array (
    0 => '',
    1 => NULL,
    2 => NULL,
  ),
)
[ info ] [ HEADER ] array (
  'host' => '127.0.0.1',
  'connection' => 'keep-alive',
  'cache-control' => 'max-age=0',
  'upgrade-insecure-requests' => '1',
  'user-agent' => 'Mozilla/5.0 (Windows NT 6.1; WOW64) AppleWebKit/537.36 (KHTML, like Gecko) Chrome/65.0.3325.162 Safari/537.36',
  'accept' => 'text/html,application/xhtml+xml,application/xml;q=0.9,image/webp,image/apng,*/*;q=0.8',
  'accept-encoding' => 'gzip, deflate, br',
  'accept-language' => 'zh-CN,zh;q=0.9',
  'cookie' => 'thinkphp_show_page_trace=0|0',
)
[ info ] [ PARAM ] array (
)
[ info ] [ RUN ] app\index\controller\Index->index[ D:\phpStudy\WWW\Work\app\application\index\controller\Index.php ]
[ info ] [ LOG ] INIT File
[ error ] [1]Call to undefined method app\index\controller\Index::fetch()[D:\phpStudy\WWW\Work\app\application\index\controller\Index.php:10]
---------------------------------------------------------------
[ 2018-03-30T10:24:20+08:00 ] 127.0.0.1 GET /work/app/index.php
[ error ] [1]Call to undefined method app\index\controller\Index::fetch()
---------------------------------------------------------------
[ 2018-03-30T10:24:25+08:00 ] 127.0.0.1 GET /work/app/index.php
[ info ] 127.0.0.1/work/app/index.php [运行时间：0.023000s][吞吐率：43.48req/s] [内存消耗：1,148.55kb] [文件加载：32]
[ info ] [ LANG ] D:\phpStudy\WWW\Library\ThinkPHP\thinkphp\lang\zh-cn.php
[ info ] [ ROUTE ] array (
  'type' => 'module',
  'module' => 
  array (
    0 => '',
    1 => NULL,
    2 => NULL,
  ),
)
[ info ] [ HEADER ] array (
  'host' => '127.0.0.1',
  'connection' => 'keep-alive',
  'cache-control' => 'max-age=0',
  'upgrade-insecure-requests' => '1',
  'user-agent' => 'Mozilla/5.0 (Windows NT 6.1; WOW64) AppleWebKit/537.36 (KHTML, like Gecko) Chrome/65.0.3325.162 Safari/537.36',
  'accept' => 'text/html,application/xhtml+xml,application/xml;q=0.9,image/webp,image/apng,*/*;q=0.8',
  'accept-encoding' => 'gzip, deflate, br',
  'accept-language' => 'zh-CN,zh;q=0.9',
  'cookie' => 'thinkphp_show_page_trace=0|0',
)
[ info ] [ PARAM ] array (
)
[ info ] [ RUN ] app\index\controller\Index->index[ D:\phpStudy\WWW\Work\app\application\index\controller\Index.php ]
[ info ] [ LOG ] INIT File
[ error ] [1]Call to undefined method app\index\controller\Index::fetch()[D:\phpStudy\WWW\Work\app\application\index\controller\Index.php:10]
---------------------------------------------------------------
[ 2018-03-30T10:24:29+08:00 ] 127.0.0.1 GET /work/app/index.php
[ info ] 127.0.0.1/work/app/index.php [运行时间：0.037000s][吞吐率：27.03req/s] [内存消耗：1,052.45kb] [文件加载：27]
[ info ] [ LANG ] D:\phpStudy\WWW\Library\ThinkPHP\thinkphp\lang\zh-cn.php
[ info ] [ ROUTE ] array (
  'type' => 'module',
  'module' => 
  array (
    0 => '',
    1 => NULL,
    2 => NULL,
  ),
)
[ info ] [ HEADER ] array (
  'host' => '127.0.0.1',
  'connection' => 'keep-alive',
  'cache-control' => 'max-age=0',
  'upgrade-insecure-requests' => '1',
  'user-agent' => 'Mozilla/5.0 (Windows NT 6.1; WOW64) AppleWebKit/537.36 (KHTML, like Gecko) Chrome/65.0.3325.162 Safari/537.36',
  'accept' => 'text/html,application/xhtml+xml,application/xml;q=0.9,image/webp,image/apng,*/*;q=0.8',
  'accept-encoding' => 'gzip, deflate, br',
  'accept-language' => 'zh-CN,zh;q=0.9',
  'cookie' => 'thinkphp_show_page_trace=0|0',
)
[ info ] [ PARAM ] array (
)
[ info ] [ RUN ] app\index\controller\Index->index[ D:\phpStudy\WWW\Work\app\application\index\controller\Index.php ]
[ info ] [ LOG ] INIT File
[ error ] [1]Call to undefined method app\index\controller\Index::fetch()[D:\phpStudy\WWW\Work\app\application\index\controller\Index.php:10]
---------------------------------------------------------------
[ 2018-03-30T10:29:11+08:00 ] 127.0.0.1 GET /work/app/index.php
[ info ] 127.0.0.1/work/app/index.php [运行时间：0.056000s][吞吐率：17.86req/s] [内存消耗：1,421.29kb] [文件加载：32]
[ info ] [ LANG ] D:\phpStudy\WWW\Library\ThinkPHP\thinkphp\lang\zh-cn.php
[ info ] [ ROUTE ] array (
  'type' => 'module',
  'module' => 
  array (
    0 => '',
    1 => NULL,
    2 => NULL,
  ),
)
[ info ] [ HEADER ] array (
  'host' => '127.0.0.1',
  'connection' => 'keep-alive',
  'cache-control' => 'max-age=0',
  'upgrade-insecure-requests' => '1',
  'user-agent' => 'Mozilla/5.0 (Windows NT 6.1; WOW64) AppleWebKit/537.36 (KHTML, like Gecko) Chrome/65.0.3325.162 Safari/537.36',
  'accept' => 'text/html,application/xhtml+xml,application/xml;q=0.9,image/webp,image/apng,*/*;q=0.8',
  'accept-encoding' => 'gzip, deflate, br',
  'accept-language' => 'zh-CN,zh;q=0.9',
  'cookie' => 'thinkphp_show_page_trace=0|0',
)
[ info ] [ PARAM ] array (
)
[ info ] [ RUN ] app\index\controller\Index->index[ D:\phpStudy\WWW\Work\app\application\index\controller\Index.php ]
[ info ] [ VIEW ] D:\phpStudy\WWW\Work\app/application/index\view\index\index.html [ array (
) ]
[ info ] [ LOG ] INIT File
---------------------------------------------------------------
[ 2018-03-30T10:29:14+08:00 ] 127.0.0.1 GET /work/app/index.php
[ info ] 127.0.0.1/work/app/index.php [运行时间：0.018000s][吞吐率：55.56req/s] [内存消耗：1,283.94kb] [文件加载：30]
[ info ] [ LANG ] D:\phpStudy\WWW\Library\ThinkPHP\thinkphp\lang\zh-cn.php
[ info ] [ ROUTE ] array (
  'type' => 'module',
  'module' => 
  array (
    0 => '',
    1 => NULL,
    2 => NULL,
  ),
)
[ info ] [ HEADER ] array (
  'host' => '127.0.0.1',
  'connection' => 'keep-alive',
  'cache-control' => 'max-age=0',
  'upgrade-insecure-requests' => '1',
  'user-agent' => 'Mozilla/5.0 (Windows NT 6.1; WOW64) AppleWebKit/537.36 (KHTML, like Gecko) Chrome/65.0.3325.162 Safari/537.36',
  'accept' => 'text/html,application/xhtml+xml,application/xml;q=0.9,image/webp,image/apng,*/*;q=0.8',
  'accept-encoding' => 'gzip, deflate, br',
  'accept-language' => 'zh-CN,zh;q=0.9',
  'cookie' => 'thinkphp_show_page_trace=0|0',
)
[ info ] [ PARAM ] array (
)
[ info ] [ RUN ] app\index\controller\Index->index[ D:\phpStudy\WWW\Work\app\application\index\controller\Index.php ]
[ info ] [ VIEW ] D:\phpStudy\WWW\Work\app/application/index\view\index\index.html [ array (
) ]
[ info ] [ LOG ] INIT File
---------------------------------------------------------------
[ 2018-03-30T10:37:29+08:00 ] 127.0.0.1 GET /work/app/index.php
[ info ] 127.0.0.1/work/app/index.php [运行时间：0.033000s][吞吐率：30.30req/s] [内存消耗：1,333.96kb] [文件加载：33]
[ info ] [ LANG ] D:\phpStudy\WWW\Library\ThinkPHP\thinkphp\lang\zh-cn.php
[ info ] [ ROUTE ] array (
  'type' => 'module',
  'module' => 
  array (
    0 => '',
    1 => NULL,
    2 => NULL,
  ),
)
[ info ] [ HEADER ] array (
  'host' => '127.0.0.1',
  'connection' => 'keep-alive',
  'cache-control' => 'max-age=0',
  'upgrade-insecure-requests' => '1',
  'user-agent' => 'Mozilla/5.0 (Windows NT 6.1; WOW64) AppleWebKit/537.36 (KHTML, like Gecko) Chrome/65.0.3325.162 Safari/537.36',
  'accept' => 'text/html,application/xhtml+xml,application/xml;q=0.9,image/webp,image/apng,*/*;q=0.8',
  'accept-encoding' => 'gzip, deflate, br',
  'accept-language' => 'zh-CN,zh;q=0.9',
  'cookie' => 'thinkphp_show_page_trace=0|0',
)
[ info ] [ PARAM ] array (
)
[ info ] [ RUN ] app\index\controller\Index->index[ D:\phpStudy\WWW\Work\app\application\index\controller\Index.php ]
[ info ] [ LOG ] INIT File
[ error ] [1]Class 'myTest\myTest' not found[D:\phpStudy\WWW\Work\app\application\index\controller\Index.php:13]
---------------------------------------------------------------
[ 2018-03-30T10:39:50+08:00 ] 127.0.0.1 GET /work/app/index.php
[ info ] 127.0.0.1/work/app/index.php [运行时间：0.025000s][吞吐率：40.00req/s] [内存消耗：1,333.96kb] [文件加载：33]
[ info ] [ LANG ] D:\phpStudy\WWW\Library\ThinkPHP\thinkphp\lang\zh-cn.php
[ info ] [ ROUTE ] array (
  'type' => 'module',
  'module' => 
  array (
    0 => '',
    1 => NULL,
    2 => NULL,
  ),
)
[ info ] [ HEADER ] array (
  'host' => '127.0.0.1',
  'connection' => 'keep-alive',
  'cache-control' => 'max-age=0',
  'upgrade-insecure-requests' => '1',
  'user-agent' => 'Mozilla/5.0 (Windows NT 6.1; WOW64) AppleWebKit/537.36 (KHTML, like Gecko) Chrome/65.0.3325.162 Safari/537.36',
  'accept' => 'text/html,application/xhtml+xml,application/xml;q=0.9,image/webp,image/apng,*/*;q=0.8',
  'accept-encoding' => 'gzip, deflate, br',
  'accept-language' => 'zh-CN,zh;q=0.9',
  'cookie' => 'thinkphp_show_page_trace=0|0',
)
[ info ] [ PARAM ] array (
)
[ info ] [ RUN ] app\index\controller\Index->index[ D:\phpStudy\WWW\Work\app\application\index\controller\Index.php ]
[ info ] [ LOG ] INIT File
[ error ] [1]Class 'myTest\myTest' not found[D:\phpStudy\WWW\Work\app\application\index\controller\Index.php:13]
---------------------------------------------------------------
[ 2018-03-30T10:42:42+08:00 ] 127.0.0.1 GET /work/app/index.php
[ info ] 127.0.0.1/work/app/index.php [运行时间：0.020000s][吞吐率：50.00req/s] [内存消耗：1,053.38kb] [文件加载：27]
[ info ] [ LANG ] D:\phpStudy\WWW\Library\ThinkPHP\thinkphp\lang\zh-cn.php
[ info ] [ ROUTE ] array (
  'type' => 'module',
  'module' => 
  array (
    0 => '',
    1 => NULL,
    2 => NULL,
  ),
)
[ info ] [ HEADER ] array (
  'host' => '127.0.0.1',
  'connection' => 'keep-alive',
  'cache-control' => 'max-age=0',
  'upgrade-insecure-requests' => '1',
  'user-agent' => 'Mozilla/5.0 (Windows NT 6.1; WOW64) AppleWebKit/537.36 (KHTML, like Gecko) Chrome/65.0.3325.162 Safari/537.36',
  'accept' => 'text/html,application/xhtml+xml,application/xml;q=0.9,image/webp,image/apng,*/*;q=0.8',
  'accept-encoding' => 'gzip, deflate, br',
  'accept-language' => 'zh-CN,zh;q=0.9',
  'cookie' => 'thinkphp_show_page_trace=0|0',
)
[ info ] [ PARAM ] array (
)
[ info ] [ RUN ] app\index\controller\Index->index[ D:\phpStudy\WWW\Work\app\application\index\controller\Index.php ]
[ info ] [ LOG ] INIT File
[ error ] [1]Class 'myTest\myTest' not found[D:\phpStudy\WWW\Work\app\application\index\controller\Index.php:13]
---------------------------------------------------------------
[ 2018-03-30T10:42:43+08:00 ] 127.0.0.1 GET /work/app/index.php
[ info ] 127.0.0.1/work/app/index.php [运行时间：0.018000s][吞吐率：55.56req/s] [内存消耗：1,053.38kb] [文件加载：27]
[ info ] [ LANG ] D:\phpStudy\WWW\Library\ThinkPHP\thinkphp\lang\zh-cn.php
[ info ] [ ROUTE ] array (
  'type' => 'module',
  'module' => 
  array (
    0 => '',
    1 => NULL,
    2 => NULL,
  ),
)
[ info ] [ HEADER ] array (
  'host' => '127.0.0.1',
  'connection' => 'keep-alive',
  'cache-control' => 'max-age=0',
  'upgrade-insecure-requests' => '1',
  'user-agent' => 'Mozilla/5.0 (Windows NT 6.1; WOW64) AppleWebKit/537.36 (KHTML, like Gecko) Chrome/65.0.3325.162 Safari/537.36',
  'accept' => 'text/html,application/xhtml+xml,application/xml;q=0.9,image/webp,image/apng,*/*;q=0.8',
  'accept-encoding' => 'gzip, deflate, br',
  'accept-language' => 'zh-CN,zh;q=0.9',
  'cookie' => 'thinkphp_show_page_trace=0|0',
)
[ info ] [ PARAM ] array (
)
[ info ] [ RUN ] app\index\controller\Index->index[ D:\phpStudy\WWW\Work\app\application\index\controller\Index.php ]
[ info ] [ LOG ] INIT File
[ error ] [1]Class 'myTest\myTest' not found[D:\phpStudy\WWW\Work\app\application\index\controller\Index.php:13]
---------------------------------------------------------------
[ 2018-03-30T10:42:43+08:00 ] 127.0.0.1 GET /work/app/index.php
[ info ] 127.0.0.1/work/app/index.php [运行时间：0.036000s][吞吐率：27.78req/s] [内存消耗：1,053.38kb] [文件加载：27]
[ info ] [ LANG ] D:\phpStudy\WWW\Library\ThinkPHP\thinkphp\lang\zh-cn.php
[ info ] [ ROUTE ] array (
  'type' => 'module',
  'module' => 
  array (
    0 => '',
    1 => NULL,
    2 => NULL,
  ),
)
[ info ] [ HEADER ] array (
  'host' => '127.0.0.1',
  'connection' => 'keep-alive',
  'cache-control' => 'max-age=0',
  'upgrade-insecure-requests' => '1',
  'user-agent' => 'Mozilla/5.0 (Windows NT 6.1; WOW64) AppleWebKit/537.36 (KHTML, like Gecko) Chrome/65.0.3325.162 Safari/537.36',
  'accept' => 'text/html,application/xhtml+xml,application/xml;q=0.9,image/webp,image/apng,*/*;q=0.8',
  'accept-encoding' => 'gzip, deflate, br',
  'accept-language' => 'zh-CN,zh;q=0.9',
  'cookie' => 'thinkphp_show_page_trace=0|0',
)
[ info ] [ PARAM ] array (
)
[ info ] [ RUN ] app\index\controller\Index->index[ D:\phpStudy\WWW\Work\app\application\index\controller\Index.php ]
[ info ] [ LOG ] INIT File
[ error ] [1]Class 'myTest\myTest' not found[D:\phpStudy\WWW\Work\app\application\index\controller\Index.php:13]
---------------------------------------------------------------
[ 2018-03-30T10:43:11+08:00 ] 127.0.0.1 GET /work/app/index.php
[ info ] 127.0.0.1/work/app/index.php [运行时间：0.031000s][吞吐率：32.26req/s] [内存消耗：1,334.03kb] [文件加载：33]
[ info ] [ LANG ] D:\phpStudy\WWW\Library\ThinkPHP\thinkphp\lang\zh-cn.php
[ info ] [ ROUTE ] array (
  'type' => 'module',
  'module' => 
  array (
    0 => '',
    1 => NULL,
    2 => NULL,
  ),
)
[ info ] [ HEADER ] array (
  'host' => '127.0.0.1',
  'connection' => 'keep-alive',
  'cache-control' => 'max-age=0',
  'upgrade-insecure-requests' => '1',
  'user-agent' => 'Mozilla/5.0 (Windows NT 6.1; WOW64) AppleWebKit/537.36 (KHTML, like Gecko) Chrome/65.0.3325.162 Safari/537.36',
  'accept' => 'text/html,application/xhtml+xml,application/xml;q=0.9,image/webp,image/apng,*/*;q=0.8',
  'accept-encoding' => 'gzip, deflate, br',
  'accept-language' => 'zh-CN,zh;q=0.9',
  'cookie' => 'thinkphp_show_page_trace=0|0',
)
[ info ] [ PARAM ] array (
)
[ info ] [ RUN ] app\index\controller\Index->index[ D:\phpStudy\WWW\Work\app\application\index\controller\Index.php ]
[ info ] [ LOG ] INIT File
[ error ] [1]Class 'app\myTest\myTest' not found[D:\phpStudy\WWW\Work\app\application\index\controller\Index.php:13]
---------------------------------------------------------------
[ 2018-03-30T10:43:12+08:00 ] 127.0.0.1 GET /work/app/index.php
[ info ] 127.0.0.1/work/app/index.php [运行时间：0.052000s][吞吐率：19.23req/s] [内存消耗：1,334.03kb] [文件加载：33]
[ info ] [ LANG ] D:\phpStudy\WWW\Library\ThinkPHP\thinkphp\lang\zh-cn.php
[ info ] [ ROUTE ] array (
  'type' => 'module',
  'module' => 
  array (
    0 => '',
    1 => NULL,
    2 => NULL,
  ),
)
[ info ] [ HEADER ] array (
  'host' => '127.0.0.1',
  'connection' => 'keep-alive',
  'cache-control' => 'max-age=0',
  'upgrade-insecure-requests' => '1',
  'user-agent' => 'Mozilla/5.0 (Windows NT 6.1; WOW64) AppleWebKit/537.36 (KHTML, like Gecko) Chrome/65.0.3325.162 Safari/537.36',
  'accept' => 'text/html,application/xhtml+xml,application/xml;q=0.9,image/webp,image/apng,*/*;q=0.8',
  'accept-encoding' => 'gzip, deflate, br',
  'accept-language' => 'zh-CN,zh;q=0.9',
  'cookie' => 'thinkphp_show_page_trace=0|0',
)
[ info ] [ PARAM ] array (
)
[ info ] [ RUN ] app\index\controller\Index->index[ D:\phpStudy\WWW\Work\app\application\index\controller\Index.php ]
[ info ] [ LOG ] INIT File
[ error ] [1]Class 'app\myTest\myTest' not found[D:\phpStudy\WWW\Work\app\application\index\controller\Index.php:13]
---------------------------------------------------------------
[ 2018-03-30T10:43:31+08:00 ] 127.0.0.1 GET /work/app/index.php
[ info ] 127.0.0.1/work/app/index.php [运行时间：0.054000s][吞吐率：18.52req/s] [内存消耗：1,333.96kb] [文件加载：33]
[ info ] [ LANG ] D:\phpStudy\WWW\Library\ThinkPHP\thinkphp\lang\zh-cn.php
[ info ] [ ROUTE ] array (
  'type' => 'module',
  'module' => 
  array (
    0 => '',
    1 => NULL,
    2 => NULL,
  ),
)
[ info ] [ HEADER ] array (
  'host' => '127.0.0.1',
  'connection' => 'keep-alive',
  'cache-control' => 'max-age=0',
  'upgrade-insecure-requests' => '1',
  'user-agent' => 'Mozilla/5.0 (Windows NT 6.1; WOW64) AppleWebKit/537.36 (KHTML, like Gecko) Chrome/65.0.3325.162 Safari/537.36',
  'accept' => 'text/html,application/xhtml+xml,application/xml;q=0.9,image/webp,image/apng,*/*;q=0.8',
  'accept-encoding' => 'gzip, deflate, br',
  'accept-language' => 'zh-CN,zh;q=0.9',
  'cookie' => 'thinkphp_show_page_trace=0|0',
)
[ info ] [ PARAM ] array (
)
[ info ] [ RUN ] app\index\controller\Index->index[ D:\phpStudy\WWW\Work\app\application\index\controller\Index.php ]
[ info ] [ LOG ] INIT File
[ error ] [1]Class 'myTest\myTest' not found[D:\phpStudy\WWW\Work\app\application\index\controller\Index.php:13]
---------------------------------------------------------------
[ 2018-03-30T10:44:25+08:00 ] 127.0.0.1 GET /work/app/index.php
[ info ] 127.0.0.1/work/app/index.php [运行时间：0.021000s][吞吐率：47.62req/s] [内存消耗：1,333.96kb] [文件加载：33]
[ info ] [ LANG ] D:\phpStudy\WWW\Library\ThinkPHP\thinkphp\lang\zh-cn.php
[ info ] [ ROUTE ] array (
  'type' => 'module',
  'module' => 
  array (
    0 => '',
    1 => NULL,
    2 => NULL,
  ),
)
[ info ] [ HEADER ] array (
  'host' => '127.0.0.1',
  'connection' => 'keep-alive',
  'cache-control' => 'max-age=0',
  'upgrade-insecure-requests' => '1',
  'user-agent' => 'Mozilla/5.0 (Windows NT 6.1; WOW64) AppleWebKit/537.36 (KHTML, like Gecko) Chrome/65.0.3325.162 Safari/537.36',
  'accept' => 'text/html,application/xhtml+xml,application/xml;q=0.9,image/webp,image/apng,*/*;q=0.8',
  'accept-encoding' => 'gzip, deflate, br',
  'accept-language' => 'zh-CN,zh;q=0.9',
  'cookie' => 'thinkphp_show_page_trace=0|0',
)
[ info ] [ PARAM ] array (
)
[ info ] [ RUN ] app\index\controller\Index->index[ D:\phpStudy\WWW\Work\app\application\index\controller\Index.php ]
[ info ] [ LOG ] INIT File
[ error ] [1]Class 'myTest\myTest' not found[D:\phpStudy\WWW\Work\app\application\index\controller\Index.php:13]
---------------------------------------------------------------
[ 2018-03-30T10:44:25+08:00 ] 127.0.0.1 GET /work/app/index.php
[ info ] 127.0.0.1/work/app/index.php [运行时间：0.048000s][吞吐率：20.83req/s] [内存消耗：1,333.96kb] [文件加载：33]
[ info ] [ LANG ] D:\phpStudy\WWW\Library\ThinkPHP\thinkphp\lang\zh-cn.php
[ info ] [ ROUTE ] array (
  'type' => 'module',
  'module' => 
  array (
    0 => '',
    1 => NULL,
    2 => NULL,
  ),
)
[ info ] [ HEADER ] array (
  'host' => '127.0.0.1',
  'connection' => 'keep-alive',
  'cache-control' => 'max-age=0',
  'upgrade-insecure-requests' => '1',
  'user-agent' => 'Mozilla/5.0 (Windows NT 6.1; WOW64) AppleWebKit/537.36 (KHTML, like Gecko) Chrome/65.0.3325.162 Safari/537.36',
  'accept' => 'text/html,application/xhtml+xml,application/xml;q=0.9,image/webp,image/apng,*/*;q=0.8',
  'accept-encoding' => 'gzip, deflate, br',
  'accept-language' => 'zh-CN,zh;q=0.9',
  'cookie' => 'thinkphp_show_page_trace=0|0',
)
[ info ] [ PARAM ] array (
)
[ info ] [ RUN ] app\index\controller\Index->index[ D:\phpStudy\WWW\Work\app\application\index\controller\Index.php ]
[ info ] [ LOG ] INIT File
[ error ] [1]Class 'myTest\myTest' not found[D:\phpStudy\WWW\Work\app\application\index\controller\Index.php:13]
---------------------------------------------------------------
[ 2018-03-30T10:44:25+08:00 ] 127.0.0.1 GET /work/app/index.php
[ info ] 127.0.0.1/work/app/index.php [运行时间：0.040000s][吞吐率：25.00req/s] [内存消耗：1,333.96kb] [文件加载：33]
[ info ] [ LANG ] D:\phpStudy\WWW\Library\ThinkPHP\thinkphp\lang\zh-cn.php
[ info ] [ ROUTE ] array (
  'type' => 'module',
  'module' => 
  array (
    0 => '',
    1 => NULL,
    2 => NULL,
  ),
)
[ info ] [ HEADER ] array (
  'host' => '127.0.0.1',
  'connection' => 'keep-alive',
  'cache-control' => 'max-age=0',
  'upgrade-insecure-requests' => '1',
  'user-agent' => 'Mozilla/5.0 (Windows NT 6.1; WOW64) AppleWebKit/537.36 (KHTML, like Gecko) Chrome/65.0.3325.162 Safari/537.36',
  'accept' => 'text/html,application/xhtml+xml,application/xml;q=0.9,image/webp,image/apng,*/*;q=0.8',
  'accept-encoding' => 'gzip, deflate, br',
  'accept-language' => 'zh-CN,zh;q=0.9',
  'cookie' => 'thinkphp_show_page_trace=0|0',
)
[ info ] [ PARAM ] array (
)
[ info ] [ RUN ] app\index\controller\Index->index[ D:\phpStudy\WWW\Work\app\application\index\controller\Index.php ]
[ info ] [ LOG ] INIT File
[ error ] [1]Class 'myTest\myTest' not found[D:\phpStudy\WWW\Work\app\application\index\controller\Index.php:13]
---------------------------------------------------------------
[ 2018-03-30T10:44:25+08:00 ] 127.0.0.1 GET /work/app/index.php
[ info ] 127.0.0.1/work/app/index.php [运行时间：0.045000s][吞吐率：22.22req/s] [内存消耗：1,333.96kb] [文件加载：33]
[ info ] [ LANG ] D:\phpStudy\WWW\Library\ThinkPHP\thinkphp\lang\zh-cn.php
[ info ] [ ROUTE ] array (
  'type' => 'module',
  'module' => 
  array (
    0 => '',
    1 => NULL,
    2 => NULL,
  ),
)
[ info ] [ HEADER ] array (
  'host' => '127.0.0.1',
  'connection' => 'keep-alive',
  'cache-control' => 'max-age=0',
  'upgrade-insecure-requests' => '1',
  'user-agent' => 'Mozilla/5.0 (Windows NT 6.1; WOW64) AppleWebKit/537.36 (KHTML, like Gecko) Chrome/65.0.3325.162 Safari/537.36',
  'accept' => 'text/html,application/xhtml+xml,application/xml;q=0.9,image/webp,image/apng,*/*;q=0.8',
  'accept-encoding' => 'gzip, deflate, br',
  'accept-language' => 'zh-CN,zh;q=0.9',
  'cookie' => 'thinkphp_show_page_trace=0|0',
)
[ info ] [ PARAM ] array (
)
[ info ] [ RUN ] app\index\controller\Index->index[ D:\phpStudy\WWW\Work\app\application\index\controller\Index.php ]
[ info ] [ LOG ] INIT File
[ error ] [1]Class 'myTest\myTest' not found[D:\phpStudy\WWW\Work\app\application\index\controller\Index.php:13]
---------------------------------------------------------------
[ 2018-03-30T10:45:48+08:00 ] 127.0.0.1 GET /work/app/index.php
[ info ] 127.0.0.1/work/app/index.php [运行时间：0.021000s][吞吐率：47.62req/s] [内存消耗：1,284.65kb] [文件加载：30]
[ info ] [ LANG ] D:\phpStudy\WWW\Library\ThinkPHP\thinkphp\lang\zh-cn.php
[ info ] [ ROUTE ] array (
  'type' => 'module',
  'module' => 
  array (
    0 => '',
    1 => NULL,
    2 => NULL,
  ),
)
[ info ] [ HEADER ] array (
  'host' => '127.0.0.1',
  'connection' => 'keep-alive',
  'cache-control' => 'max-age=0',
  'upgrade-insecure-requests' => '1',
  'user-agent' => 'Mozilla/5.0 (Windows NT 6.1; WOW64) AppleWebKit/537.36 (KHTML, like Gecko) Chrome/65.0.3325.162 Safari/537.36',
  'accept' => 'text/html,application/xhtml+xml,application/xml;q=0.9,image/webp,image/apng,*/*;q=0.8',
  'accept-encoding' => 'gzip, deflate, br',
  'accept-language' => 'zh-CN,zh;q=0.9',
  'cookie' => 'thinkphp_show_page_trace=0|0',
)
[ info ] [ PARAM ] array (
)
[ info ] [ RUN ] app\index\controller\Index->index[ D:\phpStudy\WWW\Work\app\application\index\controller\Index.php ]
[ info ] [ VIEW ] D:\phpStudy\WWW\Work\app/application/index\view\index\index.html [ array (
) ]
[ info ] [ LOG ] INIT File
---------------------------------------------------------------
[ 2018-03-30T10:46:00+08:00 ] 127.0.0.1 GET /work/app/index.php
[ info ] 127.0.0.1/work/app/index.php [运行时间：0.023000s][吞吐率：43.48req/s] [内存消耗：1,422.05kb] [文件加载：32]
[ info ] [ LANG ] D:\phpStudy\WWW\Library\ThinkPHP\thinkphp\lang\zh-cn.php
[ info ] [ ROUTE ] array (
  'type' => 'module',
  'module' => 
  array (
    0 => '',
    1 => NULL,
    2 => NULL,
  ),
)
[ info ] [ HEADER ] array (
  'host' => '127.0.0.1',
  'connection' => 'keep-alive',
  'cache-control' => 'max-age=0',
  'upgrade-insecure-requests' => '1',
  'user-agent' => 'Mozilla/5.0 (Windows NT 6.1; WOW64) AppleWebKit/537.36 (KHTML, like Gecko) Chrome/65.0.3325.162 Safari/537.36',
  'accept' => 'text/html,application/xhtml+xml,application/xml;q=0.9,image/webp,image/apng,*/*;q=0.8',
  'accept-encoding' => 'gzip, deflate, br',
  'accept-language' => 'zh-CN,zh;q=0.9',
  'cookie' => 'thinkphp_show_page_trace=0|0',
)
[ info ] [ PARAM ] array (
)
[ info ] [ RUN ] app\index\controller\Index->index[ D:\phpStudy\WWW\Work\app\application\index\controller\Index.php ]
[ info ] [ VIEW ] D:\phpStudy\WWW\Work\app/application/index\view\index\index.html [ array (
) ]
[ info ] [ LOG ] INIT File
---------------------------------------------------------------
[ 2018-03-30T10:56:56+08:00 ] 127.0.0.1 GET /work/app/index.php
[ info ] 127.0.0.1/work/app/index.php [运行时间：0.029000s][吞吐率：34.48req/s] [内存消耗：1,058.32kb] [文件加载：26]
[ info ] [ LANG ] D:\phpStudy\WWW\Library\ThinkPHP\thinkphp\lang\zh-cn.php
[ info ] [ ROUTE ] array (
  'type' => 'module',
  'module' => 
  array (
    0 => '',
    1 => NULL,
    2 => NULL,
  ),
)
[ info ] [ HEADER ] array (
  'host' => '127.0.0.1',
  'connection' => 'keep-alive',
  'cache-control' => 'max-age=0',
  'upgrade-insecure-requests' => '1',
  'user-agent' => 'Mozilla/5.0 (Windows NT 6.1; WOW64) AppleWebKit/537.36 (KHTML, like Gecko) Chrome/65.0.3325.162 Safari/537.36',
  'accept' => 'text/html,application/xhtml+xml,application/xml;q=0.9,image/webp,image/apng,*/*;q=0.8',
  'accept-encoding' => 'gzip, deflate, br',
  'accept-language' => 'zh-CN,zh;q=0.9',
  'cookie' => 'thinkphp_show_page_trace=0|0',
)
[ info ] [ PARAM ] array (
)
[ info ] [ LOG ] INIT File
[ error ] [4]语法错误: unexpected end of file, expecting function (T_FUNCTION)[D:\phpStudy\WWW\Work\app\application\index\controller\Index.php:16]
---------------------------------------------------------------
[ 2018-03-30T10:57:26+08:00 ] 127.0.0.1 GET /work/app/index.php
[ info ] 127.0.0.1/work/app/index.php [运行时间：0.048000s][吞吐率：20.83req/s] [内存消耗：1,058.32kb] [文件加载：26]
[ info ] [ LANG ] D:\phpStudy\WWW\Library\ThinkPHP\thinkphp\lang\zh-cn.php
[ info ] [ ROUTE ] array (
  'type' => 'module',
  'module' => 
  array (
    0 => '',
    1 => NULL,
    2 => NULL,
  ),
)
[ info ] [ HEADER ] array (
  'host' => '127.0.0.1',
  'connection' => 'keep-alive',
  'cache-control' => 'max-age=0',
  'upgrade-insecure-requests' => '1',
  'user-agent' => 'Mozilla/5.0 (Windows NT 6.1; WOW64) AppleWebKit/537.36 (KHTML, like Gecko) Chrome/65.0.3325.162 Safari/537.36',
  'accept' => 'text/html,application/xhtml+xml,application/xml;q=0.9,image/webp,image/apng,*/*;q=0.8',
  'accept-encoding' => 'gzip, deflate, br',
  'accept-language' => 'zh-CN,zh;q=0.9',
  'cookie' => 'thinkphp_show_page_trace=0|0',
)
[ info ] [ PARAM ] array (
)
[ info ] [ LOG ] INIT File
[ error ] [4]语法错误: unexpected end of file, expecting function (T_FUNCTION)[D:\phpStudy\WWW\Work\app\application\index\controller\Index.php:16]
---------------------------------------------------------------
[ 2018-03-30T10:57:27+08:00 ] 127.0.0.1 GET /work/app/index.php
[ info ] 127.0.0.1/work/app/index.php [运行时间：0.044000s][吞吐率：22.73req/s] [内存消耗：1,058.32kb] [文件加载：26]
[ info ] [ LANG ] D:\phpStudy\WWW\Library\ThinkPHP\thinkphp\lang\zh-cn.php
[ info ] [ ROUTE ] array (
  'type' => 'module',
  'module' => 
  array (
    0 => '',
    1 => NULL,
    2 => NULL,
  ),
)
[ info ] [ HEADER ] array (
  'host' => '127.0.0.1',
  'connection' => 'keep-alive',
  'cache-control' => 'max-age=0',
  'upgrade-insecure-requests' => '1',
  'user-agent' => 'Mozilla/5.0 (Windows NT 6.1; WOW64) AppleWebKit/537.36 (KHTML, like Gecko) Chrome/65.0.3325.162 Safari/537.36',
  'accept' => 'text/html,application/xhtml+xml,application/xml;q=0.9,image/webp,image/apng,*/*;q=0.8',
  'accept-encoding' => 'gzip, deflate, br',
  'accept-language' => 'zh-CN,zh;q=0.9',
  'cookie' => 'thinkphp_show_page_trace=0|0',
)
[ info ] [ PARAM ] array (
)
[ info ] [ LOG ] INIT File
[ error ] [4]语法错误: unexpected end of file, expecting function (T_FUNCTION)[D:\phpStudy\WWW\Work\app\application\index\controller\Index.php:16]
---------------------------------------------------------------
[ 2018-03-30T10:57:27+08:00 ] 127.0.0.1 GET /work/app/index.php
[ info ] 127.0.0.1/work/app/index.php [运行时间：0.031000s][吞吐率：32.26req/s] [内存消耗：1,058.32kb] [文件加载：26]
[ info ] [ LANG ] D:\phpStudy\WWW\Library\ThinkPHP\thinkphp\lang\zh-cn.php
[ info ] [ ROUTE ] array (
  'type' => 'module',
  'module' => 
  array (
    0 => '',
    1 => NULL,
    2 => NULL,
  ),
)
[ info ] [ HEADER ] array (
  'host' => '127.0.0.1',
  'connection' => 'keep-alive',
  'cache-control' => 'max-age=0',
  'upgrade-insecure-requests' => '1',
  'user-agent' => 'Mozilla/5.0 (Windows NT 6.1; WOW64) AppleWebKit/537.36 (KHTML, like Gecko) Chrome/65.0.3325.162 Safari/537.36',
  'accept' => 'text/html,application/xhtml+xml,application/xml;q=0.9,image/webp,image/apng,*/*;q=0.8',
  'accept-encoding' => 'gzip, deflate, br',
  'accept-language' => 'zh-CN,zh;q=0.9',
  'cookie' => 'thinkphp_show_page_trace=0|0',
)
[ info ] [ PARAM ] array (
)
[ info ] [ LOG ] INIT File
[ error ] [4]语法错误: unexpected end of file, expecting function (T_FUNCTION)[D:\phpStudy\WWW\Work\app\application\index\controller\Index.php:16]
---------------------------------------------------------------
[ 2018-03-30T10:57:36+08:00 ] 127.0.0.1 GET /work/app/index.php
[ info ] 127.0.0.1/work/app/index.php [运行时间：0.019000s][吞吐率：52.63req/s] [内存消耗：1,058.30kb] [文件加载：26]
[ info ] [ LANG ] D:\phpStudy\WWW\Library\ThinkPHP\thinkphp\lang\zh-cn.php
[ info ] [ ROUTE ] array (
  'type' => 'module',
  'module' => 
  array (
    0 => '',
    1 => NULL,
    2 => NULL,
  ),
)
[ info ] [ HEADER ] array (
  'host' => '127.0.0.1',
  'connection' => 'keep-alive',
  'cache-control' => 'max-age=0',
  'upgrade-insecure-requests' => '1',
  'user-agent' => 'Mozilla/5.0 (Windows NT 6.1; WOW64) AppleWebKit/537.36 (KHTML, like Gecko) Chrome/65.0.3325.162 Safari/537.36',
  'accept' => 'text/html,application/xhtml+xml,application/xml;q=0.9,image/webp,image/apng,*/*;q=0.8',
  'accept-encoding' => 'gzip, deflate, br',
  'accept-language' => 'zh-CN,zh;q=0.9',
  'cookie' => 'thinkphp_show_page_trace=0|0',
)
[ info ] [ PARAM ] array (
)
[ info ] [ LOG ] INIT File
[ error ] [4]语法错误: unexpected end of file, expecting function (T_FUNCTION)[D:\phpStudy\WWW\Work\app\application\index\controller\Index.php:15]
---------------------------------------------------------------
[ 2018-03-30T10:57:38+08:00 ] 127.0.0.1 GET /work/app/index.php
[ info ] 127.0.0.1/work/app/index.php [运行时间：0.017000s][吞吐率：58.82req/s] [内存消耗：1,058.30kb] [文件加载：26]
[ info ] [ LANG ] D:\phpStudy\WWW\Library\ThinkPHP\thinkphp\lang\zh-cn.php
[ info ] [ ROUTE ] array (
  'type' => 'module',
  'module' => 
  array (
    0 => '',
    1 => NULL,
    2 => NULL,
  ),
)
[ info ] [ HEADER ] array (
  'host' => '127.0.0.1',
  'connection' => 'keep-alive',
  'cache-control' => 'max-age=0',
  'upgrade-insecure-requests' => '1',
  'user-agent' => 'Mozilla/5.0 (Windows NT 6.1; WOW64) AppleWebKit/537.36 (KHTML, like Gecko) Chrome/65.0.3325.162 Safari/537.36',
  'accept' => 'text/html,application/xhtml+xml,application/xml;q=0.9,image/webp,image/apng,*/*;q=0.8',
  'accept-encoding' => 'gzip, deflate, br',
  'accept-language' => 'zh-CN,zh;q=0.9',
  'cookie' => 'thinkphp_show_page_trace=0|0',
)
[ info ] [ PARAM ] array (
)
[ info ] [ LOG ] INIT File
[ error ] [4]语法错误: unexpected end of file, expecting function (T_FUNCTION)[D:\phpStudy\WWW\Work\app\application\index\controller\Index.php:15]
---------------------------------------------------------------
[ 2018-03-30T10:57:53+08:00 ] 127.0.0.1 GET /work/app/index.php
[ info ] 127.0.0.1/work/app/index.php [运行时间：0.024000s][吞吐率：41.67req/s] [内存消耗：1,334.05kb] [文件加载：33]
[ info ] [ LANG ] D:\phpStudy\WWW\Library\ThinkPHP\thinkphp\lang\zh-cn.php
[ info ] [ ROUTE ] array (
  'type' => 'module',
  'module' => 
  array (
    0 => '',
    1 => NULL,
    2 => NULL,
  ),
)
[ info ] [ HEADER ] array (
  'host' => '127.0.0.1',
  'connection' => 'keep-alive',
  'cache-control' => 'max-age=0',
  'upgrade-insecure-requests' => '1',
  'user-agent' => 'Mozilla/5.0 (Windows NT 6.1; WOW64) AppleWebKit/537.36 (KHTML, like Gecko) Chrome/65.0.3325.162 Safari/537.36',
  'accept' => 'text/html,application/xhtml+xml,application/xml;q=0.9,image/webp,image/apng,*/*;q=0.8',
  'accept-encoding' => 'gzip, deflate, br',
  'accept-language' => 'zh-CN,zh;q=0.9',
  'cookie' => 'thinkphp_show_page_trace=0|0',
)
[ info ] [ PARAM ] array (
)
[ info ] [ RUN ] app\index\controller\Index->index[ D:\phpStudy\WWW\Work\app\application\index\controller\Index.php ]
[ info ] [ LOG ] INIT File
[ error ] [1]Class 'myTest\myTest' not found[D:\phpStudy\WWW\Work\app\application\index\controller\Index.php:13]
---------------------------------------------------------------
[ 2018-03-30T10:57:54+08:00 ] 127.0.0.1 GET /work/app/index.php
[ info ] 127.0.0.1/work/app/index.php [运行时间：0.052000s][吞吐率：19.23req/s] [内存消耗：1,334.05kb] [文件加载：33]
[ info ] [ LANG ] D:\phpStudy\WWW\Library\ThinkPHP\thinkphp\lang\zh-cn.php
[ info ] [ ROUTE ] array (
  'type' => 'module',
  'module' => 
  array (
    0 => '',
    1 => NULL,
    2 => NULL,
  ),
)
[ info ] [ HEADER ] array (
  'host' => '127.0.0.1',
  'connection' => 'keep-alive',
  'cache-control' => 'max-age=0',
  'upgrade-insecure-requests' => '1',
  'user-agent' => 'Mozilla/5.0 (Windows NT 6.1; WOW64) AppleWebKit/537.36 (KHTML, like Gecko) Chrome/65.0.3325.162 Safari/537.36',
  'accept' => 'text/html,application/xhtml+xml,application/xml;q=0.9,image/webp,image/apng,*/*;q=0.8',
  'accept-encoding' => 'gzip, deflate, br',
  'accept-language' => 'zh-CN,zh;q=0.9',
  'cookie' => 'thinkphp_show_page_trace=0|0',
)
[ info ] [ PARAM ] array (
)
[ info ] [ RUN ] app\index\controller\Index->index[ D:\phpStudy\WWW\Work\app\application\index\controller\Index.php ]
[ info ] [ LOG ] INIT File
[ error ] [1]Class 'myTest\myTest' not found[D:\phpStudy\WWW\Work\app\application\index\controller\Index.php:13]
---------------------------------------------------------------
[ 2018-03-30T17:07:02+08:00 ] 127.0.0.1 GET /work/app/index.php
[ info ] 127.0.0.1/work/app/index.php [运行时间：0.041000s][吞吐率：24.39req/s] [内存消耗：1,334.12kb] [文件加载：33]
[ info ] [ LANG ] D:\phpStudy\WWW\Library\ThinkPHP\thinkphp\lang\zh-cn.php
[ info ] [ ROUTE ] array (
  'type' => 'module',
  'module' => 
  array (
    0 => '',
    1 => NULL,
    2 => NULL,
  ),
)
[ info ] [ HEADER ] array (
  'host' => '127.0.0.1',
  'connection' => 'keep-alive',
  'cache-control' => 'max-age=0',
  'upgrade-insecure-requests' => '1',
  'user-agent' => 'Mozilla/5.0 (Windows NT 6.1; WOW64) AppleWebKit/537.36 (KHTML, like Gecko) Chrome/65.0.3325.162 Safari/537.36',
  'accept' => 'text/html,application/xhtml+xml,application/xml;q=0.9,image/webp,image/apng,*/*;q=0.8',
  'accept-encoding' => 'gzip, deflate, br',
  'accept-language' => 'zh-CN,zh;q=0.9',
  'cookie' => 'thinkphp_show_page_trace=0|0; PHPSESSID=f8co41du7m7138ornnk2sec155',
)
[ info ] [ PARAM ] array (
)
[ info ] [ RUN ] app\index\controller\Index->index[ D:\phpStudy\WWW\Work\app\application\index\controller\Index.php ]
[ info ] [ LOG ] INIT File
[ error ] [1]Class 'myTest\myTest' not found[D:\phpStudy\WWW\Work\app\application\index\controller\Index.php:13]
---------------------------------------------------------------
[ 2018-03-30T17:07:51+08:00 ] 127.0.0.1 GET /work/app/index.php
[ info ] 127.0.0.1/work/app/index.php [运行时间：0.024000s][吞吐率：41.67req/s] [内存消耗：1,053.24kb] [文件加载：27]
[ info ] [ LANG ] D:\phpStudy\WWW\Library\ThinkPHP\thinkphp\lang\zh-cn.php
[ info ] [ ROUTE ] array (
  'type' => 'module',
  'module' => 
  array (
    0 => '',
    1 => NULL,
    2 => NULL,
  ),
)
[ info ] [ HEADER ] array (
  'host' => '127.0.0.1',
  'connection' => 'keep-alive',
  'cache-control' => 'max-age=0',
  'upgrade-insecure-requests' => '1',
  'user-agent' => 'Mozilla/5.0 (Windows NT 6.1; WOW64) AppleWebKit/537.36 (KHTML, like Gecko) Chrome/65.0.3325.162 Safari/537.36',
  'accept' => 'text/html,application/xhtml+xml,application/xml;q=0.9,image/webp,image/apng,*/*;q=0.8',
  'accept-encoding' => 'gzip, deflate, br',
  'accept-language' => 'zh-CN,zh;q=0.9',
  'cookie' => 'thinkphp_show_page_trace=0|0; PHPSESSID=f8co41du7m7138ornnk2sec155',
)
[ info ] [ PARAM ] array (
)
[ info ] [ RUN ] app\index\controller\Index->index[ D:\phpStudy\WWW\Work\app\application\index\controller\Index.php ]
[ info ] [ LOG ] INIT File
[ error ] [1]Call to undefined method app\index\controller\Index::fetch()[D:\phpStudy\WWW\Work\app\application\index\controller\Index.php:12]
---------------------------------------------------------------
[ 2018-03-30T17:07:55+08:00 ] 127.0.0.1 GET /work/app/index.php
[ info ] 127.0.0.1/work/app/index.php [运行时间：0.070000s][吞吐率：14.29req/s] [内存消耗：1,422.21kb] [文件加载：32]
[ info ] [ LANG ] D:\phpStudy\WWW\Library\ThinkPHP\thinkphp\lang\zh-cn.php
[ info ] [ ROUTE ] array (
  'type' => 'module',
  'module' => 
  array (
    0 => '',
    1 => NULL,
    2 => NULL,
  ),
)
[ info ] [ HEADER ] array (
  'host' => '127.0.0.1',
  'connection' => 'keep-alive',
  'cache-control' => 'max-age=0',
  'upgrade-insecure-requests' => '1',
  'user-agent' => 'Mozilla/5.0 (Windows NT 6.1; WOW64) AppleWebKit/537.36 (KHTML, like Gecko) Chrome/65.0.3325.162 Safari/537.36',
  'accept' => 'text/html,application/xhtml+xml,application/xml;q=0.9,image/webp,image/apng,*/*;q=0.8',
  'accept-encoding' => 'gzip, deflate, br',
  'accept-language' => 'zh-CN,zh;q=0.9',
  'cookie' => 'thinkphp_show_page_trace=0|0; PHPSESSID=f8co41du7m7138ornnk2sec155',
)
[ info ] [ PARAM ] array (
)
[ info ] [ RUN ] app\index\controller\Index->index[ D:\phpStudy\WWW\Work\app\application\index\controller\Index.php ]
[ info ] [ VIEW ] D:\phpStudy\WWW\Work\app/application/index\view\index\index.html [ array (
) ]
[ info ] [ LOG ] INIT File
---------------------------------------------------------------
[ 2018-03-30T17:08:02+08:00 ] 127.0.0.1 GET /work/app/index.php
[ info ] 127.0.0.1/work/app/index.php [运行时间：0.024000s][吞吐率：41.67req/s] [内存消耗：1,284.77kb] [文件加载：30]
[ info ] [ LANG ] D:\phpStudy\WWW\Library\ThinkPHP\thinkphp\lang\zh-cn.php
[ info ] [ ROUTE ] array (
  'type' => 'module',
  'module' => 
  array (
    0 => '',
    1 => NULL,
    2 => NULL,
  ),
)
[ info ] [ HEADER ] array (
  'host' => '127.0.0.1',
  'connection' => 'keep-alive',
  'cache-control' => 'max-age=0',
  'upgrade-insecure-requests' => '1',
  'user-agent' => 'Mozilla/5.0 (Windows NT 6.1; WOW64) AppleWebKit/537.36 (KHTML, like Gecko) Chrome/65.0.3325.162 Safari/537.36',
  'accept' => 'text/html,application/xhtml+xml,application/xml;q=0.9,image/webp,image/apng,*/*;q=0.8',
  'accept-encoding' => 'gzip, deflate, br',
  'accept-language' => 'zh-CN,zh;q=0.9',
  'cookie' => 'thinkphp_show_page_trace=0|0; PHPSESSID=f8co41du7m7138ornnk2sec155',
)
[ info ] [ PARAM ] array (
)
[ info ] [ RUN ] app\index\controller\Index->index[ D:\phpStudy\WWW\Work\app\application\index\controller\Index.php ]
[ info ] [ VIEW ] D:\phpStudy\WWW\Work\app/application/index\view\index\index.html [ array (
) ]
[ info ] [ LOG ] INIT File
